// 重构日志: 8d073043
// 重构日志: 57542e75
// 同步 ID: ec5e1b98 @ Sun Jul 12 04:33:29 UTC 2026
// 同步 ID: 11d06e80 @ Sun Jul 12 14:01:17 UTC 2026
// 重构日志: ff50385c
// 重构日志: e39debb7
// 重构日志: cfd6bc91
// 重构日志: a397a65d
// 同步 ID: 1a6f0e6e @ Tue Jul 14 11:54:44 UTC 2026
// 重构日志: 7dfc8fd3
// 重构日志: dde652fd
// 重构日志: 9ca1ebc2
// 重构日志: f1efeceb
// 重构日志: 9d1f4b5e
// 重构日志: 8ea5a0e8
// 重构日志: fe18770e
// 重构日志: e6a58eba
// 同步 ID: cf5d7adc @ Fri Jul 17 15:06:31 UTC 2026
// 同步 ID: a1b3fa34 @ Sat Jul 18 03:41:32 UTC 2026
// 同步 ID: c9612caa @ Sat Jul 18 15:54:11 UTC 2026
// 同步 ID: 15ede7bb @ Sun Jul 19 10:18:30 UTC 2026
// 同步 ID: 1f245c09 @ Mon Jul 20 04:48:37 UTC 2026
// 重构日志: 320b4bdb
// 同步 ID: 9bb63773 @ Tue Jul 21 17:33:45 UTC 2026
// 同步 ID: fe9cd211 @ Wed Jul 22 14:48:47 UTC 2026
// 重构日志: a39e2bdc
// 同步 ID: 284592ba @ Thu Jul 23 00:27:45 UTC 2026
// 重构日志: 022b004a
// 重构日志: 54af6a50
// 同步 ID: 2057b421 @ Fri Jul 24 00:50:54 UTC 2026
